           _                 _    
  __ _  __| |_ __ __ _ _ __ | |_  
 / _` |/ _` | '__/ _` | '_ \| __| 
| (_| | (_| | | | (_| | | | | |_  
 \__, |\__,_|_|  \__,_|_| |_|\__| 
    |_|                           

Version: 1.11.4, build: d8b6e4a0
Access web UI at http://localhost:6333/dashboard

2024-09-23T17:37:16.945944Z  INFO storage::content_manager::consensus::persistent: Loading raft state from ./storage/raft_state.json    
2024-09-23T17:37:16.949158Z DEBUG storage::content_manager::consensus::persistent: State: Persistent { state: RaftState { hard_state: HardState { term: 0, vote: 0, commit: 0 }, conf_state: ConfState { voters: [3237704645304909], learners: [], voters_outgoing: [], learners_next: [], auto_leave: false } }, latest_snapshot_meta: SnapshotMetadataSer { term: 0, index: 0 }, apply_progress_queue: EntryApplyProgressQueue(None), peer_address_by_id: RwLock { data: {} }, peer_metadata_by_id: RwLock { data: {} }, cluster_metadata: {}, this_peer_id: 3237704645304909, path: "./storage/raft_state.json", dirty: false }    
2024-09-23T17:37:16.997384Z  INFO storage::content_manager::toc: Loading collection: default    
2024-09-23T17:37:17.177455Z  INFO collection::shards::local_shard: Recovering collection default: 0/1 (0%)    
2024-09-23T17:37:17.244551Z  INFO collection::shards::local_shard: Recovered collection default: 1/1 (100%)    
2024-09-23T17:37:17.255464Z DEBUG qdrant: Loaded collection: default    
2024-09-23T17:37:17.255501Z  INFO qdrant: Distributed mode disabled    
2024-09-23T17:37:17.256046Z  INFO qdrant: Telemetry reporting disabled    
2024-09-23T17:37:17.257017Z DEBUG qdrant: Waiting for thread web to finish    
2024-09-23T17:37:17.259392Z  WARN qdrant::actix::web_ui: Static content folder for Web UI './static' does not exist    
2024-09-23T17:37:17.260117Z  INFO qdrant::actix: TLS disabled for REST API    
2024-09-23T17:37:17.261238Z  INFO qdrant::actix: Qdrant HTTP listening on 6333    
2024-09-23T17:37:17.261710Z  INFO actix_server::builder: Starting 11 workers
2024-09-23T17:37:17.261737Z  INFO actix_server::server: Actix runtime found; starting in Actix runtime
2024-09-23T17:37:17.262528Z  INFO qdrant::tonic: Qdrant gRPC listening on 6334    
2024-09-23T17:37:17.262543Z  INFO qdrant::tonic: TLS disabled for gRPC API    
2024-09-23T17:37:26.914454Z  INFO storage::content_manager::toc::collection_meta_ops: Deleting collection default    
2024-09-23T17:37:26.916626Z DEBUG collection::update_handler: Stopping flush worker.    
2024-09-23T17:37:26.925831Z  INFO actix_web::middleware::logger: 127.0.0.1 "DELETE /collections/default HTTP/1.1" 200 48 "-" "curl/7.81.0" 0.014261    
2024-09-23T17:37:45.275452Z DEBUG storage::content_manager::snapshots::recover: Downloading snapshot from file:///home/vansh/gaianet/qdrant/snapshots/default/default.snapshot to /home/vansh/gaianet/qdrant/./snapshots/tmp/download-H71rOF    
2024-09-23T17:37:45.275557Z DEBUG storage::content_manager::snapshots::recover: Snapshot downloaded to /home/vansh/gaianet/qdrant/snapshots/default/default.snapshot    
2024-09-23T17:37:45.276298Z DEBUG storage::content_manager::snapshots::recover: Recovering collection default from snapshot /home/vansh/gaianet/qdrant/snapshots/default/default.snapshot    
2024-09-23T17:37:45.276306Z DEBUG storage::content_manager::snapshots::recover: Unpacking snapshot to /home/vansh/gaianet/qdrant/./storage/tmp/col-default-recovery-hIhOWM    
2024-09-23T17:37:46.596505Z DEBUG storage::content_manager::snapshots::recover: Collection default does not exist, creating it    
2024-09-23T17:37:46.597024Z  INFO storage::content_manager::toc::collection_meta_ops: Creating collection default    
2024-09-23T17:37:47.019849Z DEBUG collection::collection: Changing shard default:0 replica state from Some(Initializing) to Active    
2024-09-23T17:37:47.019900Z DEBUG collection::shards::replica_set: Changing local shard default:0 state from Some(Initializing) to Active    
2024-09-23T17:37:47.033070Z DEBUG storage::content_manager::snapshots::recover: Recovering shard 0 from /home/vansh/gaianet/qdrant/./storage/tmp/col-default-recovery-hIhOWM/0    
2024-09-23T17:37:47.033732Z DEBUG collection::update_handler: Stopping flush worker.    
2024-09-23T17:37:47.275926Z  INFO collection::shards::local_shard: Recovering collection default: 0/1 (0%)    
2024-09-23T17:37:47.291792Z  INFO collection::shards::local_shard: Recovered collection default: 1/1 (100%)    
2024-09-23T17:37:47.293682Z DEBUG storage::content_manager::snapshots::recover: Activating shard 0 of collection default locally    
2024-09-23T17:37:47.293761Z DEBUG collection::collection: Changing shard default:0 replica state from Some(Active) to Active    
2024-09-23T17:37:47.293771Z DEBUG collection::shards::replica_set: Changing local shard default:0 state from Some(Active) to Active    
2024-09-23T17:37:47.306845Z  INFO actix_web::middleware::logger: 127.0.0.1 "POST /collections/default/snapshots/upload?priority=snapshot HTTP/1.1" 200 47 "-" "curl/7.81.0" 2.524829    
2024-09-23T17:37:52.320981Z  INFO actix_server::server: SIGTERM received; starting graceful shutdown
2024-09-23T17:37:52.320992Z DEBUG qdrant::tonic: Stopping gRPC service on SIGTERM    
2024-09-23T17:37:52.321146Z  INFO actix_server::worker: Shutting down idle worker
2024-09-23T17:37:52.321155Z  INFO actix_server::worker: Shutting down idle worker
2024-09-23T17:37:52.321185Z  INFO actix_server::worker: Shutting down idle worker
2024-09-23T17:37:52.321213Z DEBUG actix_server::accept: Paused accepting connections on 127.0.0.1:6333
2024-09-23T17:37:52.321217Z  INFO actix_server::worker: Shutting down idle worker
2024-09-23T17:37:52.321236Z  INFO actix_server::worker: Shutting down idle worker
2024-09-23T17:37:52.321274Z  INFO actix_server::worker: Shutting down idle worker
2024-09-23T17:37:52.321287Z  INFO actix_server::worker: Shutting down idle worker
2024-09-23T17:37:52.321289Z  INFO actix_server::worker: Shutting down idle worker
2024-09-23T17:37:52.321182Z  INFO actix_server::worker: Shutting down idle worker
2024-09-23T17:37:52.321248Z  INFO actix_server::accept: Accept thread stopped
2024-09-23T17:37:52.321261Z  INFO actix_server::worker: Shutting down idle worker
2024-09-23T17:37:52.321232Z  INFO actix_server::worker: Shutting down idle worker
2024-09-23T17:37:52.655263Z DEBUG qdrant: Waiting for thread grpc to finish    
2024-09-23T17:37:53.122826Z DEBUG collection::update_handler: Stopping flush worker.    
