           _                 _    
  __ _  __| |_ __ __ _ _ __ | |_  
 / _` |/ _` | '__/ _` | '_ \| __| 
| (_| | (_| | | | (_| | | | | |_  
 \__, |\__,_|_|  \__,_|_| |_|\__| 
    |_|                           

Version: 1.11.4, build: d8b6e4a0
Access web UI at http://localhost:6333/dashboard

2024-09-23T17:44:56.234056Z  INFO storage::content_manager::consensus::persistent: Loading raft state from ./storage/raft_state.json    
2024-09-23T17:44:56.235756Z DEBUG storage::content_manager::consensus::persistent: State: Persistent { state: RaftState { hard_state: HardState { term: 0, vote: 0, commit: 0 }, conf_state: ConfState { voters: [3237704645304909], learners: [], voters_outgoing: [], learners_next: [], auto_leave: false } }, latest_snapshot_meta: SnapshotMetadataSer { term: 0, index: 0 }, apply_progress_queue: EntryApplyProgressQueue(None), peer_address_by_id: RwLock { data: {} }, peer_metadata_by_id: RwLock { data: {} }, cluster_metadata: {}, this_peer_id: 3237704645304909, path: "./storage/raft_state.json", dirty: false }    
2024-09-23T17:44:56.274495Z  INFO storage::content_manager::toc: Loading collection: default    
2024-09-23T17:44:56.768753Z  INFO collection::shards::local_shard: Recovering collection default: 0/1 (0%)    
2024-09-23T17:44:56.835974Z  INFO collection::shards::local_shard: Recovered collection default: 1/1 (100%)    
2024-09-23T17:44:56.845673Z DEBUG qdrant: Loaded collection: default    
2024-09-23T17:44:56.845766Z  INFO qdrant: Distributed mode disabled    
2024-09-23T17:44:56.846240Z  INFO qdrant: Telemetry reporting disabled    
2024-09-23T17:44:56.847207Z DEBUG qdrant: Waiting for thread web to finish    
2024-09-23T17:44:56.850645Z  WARN qdrant::actix::web_ui: Static content folder for Web UI './static' does not exist    
2024-09-23T17:44:56.851347Z  INFO qdrant::actix: TLS disabled for REST API    
2024-09-23T17:44:56.852625Z  INFO qdrant::actix: Qdrant HTTP listening on 6333    
2024-09-23T17:44:56.852907Z  INFO actix_server::builder: Starting 11 workers
2024-09-23T17:44:56.853157Z  INFO actix_server::server: Actix runtime found; starting in Actix runtime
2024-09-23T17:44:56.853292Z  INFO qdrant::tonic: Qdrant gRPC listening on 6334    
2024-09-23T17:44:56.853315Z  INFO qdrant::tonic: TLS disabled for gRPC API    
2024-09-23T17:45:11.958519Z  INFO actix_web::middleware::logger: 127.0.0.1 "POST /collections/default/points/search HTTP/1.1" 200 46 "-" "-" 0.017512    
2024-09-23T17:46:16.805816Z  INFO actix_web::middleware::logger: 127.0.0.1 "POST /collections/default/points/search HTTP/1.1" 200 11464 "-" "-" 0.021097    
